0 info it worked if it ends with ok
1 verbose cli [ '/usr/bin/nodejs',
1 verbose cli   '/usr/bin/npm',
1 verbose cli   'run',
1 verbose cli   'lessc',
1 verbose cli   '--source-map',
1 verbose cli   'index.less',
1 verbose cli   '.package_name.-package_version.css' ]
2 info using npm@1.3.10
3 info using node@v0.10.25
4 error Error: ENOENT, open '/home/treyrader11/Desktop/cajunQuiz/node_modules/lessc/package.json'
5 error If you need help, you may report this log at:
5 error     <http://github.com/isaacs/npm/issues>
5 error or email it to:
5 error     <npm-@googlegroups.com>
6 error System Linux 3.16.0-38-generic
7 error command "/usr/bin/nodejs" "/usr/bin/npm" "run" "lessc" "--source-map" "index.less" ".package_name.-package_version.css"
8 error cwd /home/treyrader11/Desktop/cajunQuiz/css
9 error node -v v0.10.25
10 error npm -v 1.3.10
11 error path /home/treyrader11/Desktop/cajunQuiz/node_modules/lessc/package.json
12 error code ENOENT
13 error errno 34
14 verbose exit [ 34, true ]
